# JRE version: OpenJDK Runtime Environment (11.0.10) (build 11.0.10+0-b96-7249189)
# Java VM: OpenJDK 64-Bit Server VM (11.0.10+0-b96-7249189, mixed mode, tiered, compressed oops, g1 gc, windows-amd64)
Heap:
 garbage-first heap   total 129024K, used 89315K [0x0000000080000000, 0x0000000100000000)
  region size 1024K, 22 young (22528K), 5 survivors (5120K)
 Metaspace       used 84828K, capacity 86923K, committed 87372K, reserved 1124352K
  class space    used 10946K, capacity 11688K, committed 11852K, reserved 1048576K
GC Heap History (20 events):
Event: 25.033 GC heap before
{Heap before GC invocations=15 (full 0):
 garbage-first heap   total 129024K, used 92994K [0x0000000080000000, 0x0000000100000000)
  region size 1024K, 47 young (48128K), 5 survivors (5120K)
 Metaspace       used 64626K, capacity 66184K, committed 66508K, reserved 1107968K
  class space    used 8226K, capacity 8793K, committed 8908K, reserved 1048576K
}
Event: 25.041 GC heap after
{Heap after GC invocations=16 (full 0):
 garbage-first heap   total 129024K, used 52749K [0x0000000080000000, 0x0000000100000000)
  region size 1024K, 4 young (4096K), 4 survivors (4096K)
 Metaspace       used 64626K, capacity 66184K, committed 66508K, reserved 1107968K
  class space    used 8226K, capacity 8793K, committed 8908K, reserved 1048576K
}
Event: 25.779 GC heap before
{Heap before GC invocations=16 (full 0):
 garbage-first heap   total 129024K, used 94733K [0x0000000080000000, 0x0000000100000000)
  region size 1024K, 45 young (46080K), 4 survivors (4096K)
 Metaspace       used 69431K, capacity 71066K, committed 71372K, reserved 1112064K
  class space    used 9010K, capacity 9617K, committed 9676K, reserved 1048576K
}
Event: 25.786 GC heap after
{Heap after GC invocations=17 (full 0):
 garbage-first heap   total 129024K, used 55425K [0x0000000080000000, 0x0000000100000000)
  region size 1024K, 3 young (3072K), 3 survivors (3072K)
 Metaspace       used 69431K, capacity 71066K, committed 71372K, reserved 1112064K
  class space    used 9010K, capacity 9617K, committed 9676K, reserved 1048576K
}
Event: 26.396 GC heap before
{Heap before GC invocations=17 (full 0):
 garbage-first heap   total 129024K, used 97409K [0x0000000080000000, 0x0000000100000000)
  region size 1024K, 44 young (45056K), 3 survivors (3072K)
 Metaspace       used 74644K, capacity 76375K, committed 76492K, reserved 1116160K
  class space    used 9742K, capacity 10369K, committed 10444K, reserved 1048576K
}
Event: 26.401 GC heap after
{Heap after GC invocations=18 (full 0):
 garbage-first heap   total 129024K, used 57670K [0x0000000080000000, 0x0000000100000000)
  region size 1024K, 5 young (5120K), 5 survivors (5120K)
 Metaspace       used 74644K, capacity 76375K, committed 76492K, reserved 1116160K
  class space    used 9742K, capacity 10369K, committed 10444K, reserved 1048576K
}
Event: 27.854 GC heap before
{Heap before GC invocations=18 (full 0):
 garbage-first heap   total 129024K, used 99654K [0x0000000080000000, 0x0000000100000000)
  region size 1024K, 46 young (47104K), 5 survivors (5120K)
 Metaspace       used 77810K, capacity 79675K, committed 79820K, reserved 1118208K
  class space    used 10175K, capacity 10866K, committed 10956K, reserved 1048576K
}
Event: 27.871 GC heap after
{Heap after GC invocations=19 (full 0):
 garbage-first heap   total 129024K, used 61097K [0x0000000080000000, 0x0000000100000000)
  region size 1024K, 6 young (6144K), 6 survivors (6144K)
 Metaspace       used 77810K, capacity 79675K, committed 79820K, reserved 1118208K
  class space    used 10175K, capacity 10866K, committed 10956K, reserved 1048576K
}
Event: 29.343 GC heap before
{Heap before GC invocations=19 (full 0):
 garbage-first heap   total 129024K, used 101033K [0x0000000080000000, 0x0000000100000000)
  region size 1024K, 46 young (47104K), 6 survivors (6144K)
 Metaspace       used 78965K, capacity 81117K, committed 81356K, reserved 1120256K
  class space    used 10338K, capacity 11107K, committed 11212K, reserved 1048576K
}
Event: 29.356 GC heap after
{Heap after GC invocations=20 (full 0):
 garbage-first heap   total 129024K, used 63837K [0x0000000080000000, 0x0000000100000000)
  region size 1024K, 4 young (4096K), 4 survivors (4096K)
 Metaspace       used 78965K, capacity 81117K, committed 81356K, reserved 1120256K
  class space    used 10338K, capacity 11107K, committed 11212K, reserved 1048576K
}
Event: 30.882 GC heap before
{Heap before GC invocations=20 (full 0):
 garbage-first heap   total 129024K, used 102749K [0x0000000080000000, 0x0000000100000000)
  region size 1024K, 43 young (44032K), 4 survivors (4096K)
 Metaspace       used 79640K, capacity 81818K, committed 81868K, reserved 1120256K
  class space    used 10386K, capacity 11196K, committed 11212K, reserved 1048576K
}
Event: 30.889 GC heap after
{Heap after GC invocations=21 (full 0):
 garbage-first heap   total 129024K, used 65932K [0x0000000080000000, 0x0000000100000000)
  region size 1024K, 6 young (6144K), 6 survivors (6144K)
 Metaspace       used 79640K, capacity 81818K, committed 81868K, reserved 1120256K
  class space    used 10386K, capacity 11196K, committed 11212K, reserved 1048576K
}
Event: 31.792 GC heap before
{Heap before GC invocations=22 (full 0):
 garbage-first heap   total 129024K, used 103820K [0x0000000080000000, 0x0000000100000000)
  region size 1024K, 44 young (45056K), 6 survivors (6144K)
 Metaspace       used 79889K, capacity 82020K, committed 82124K, reserved 1120256K
  class space    used 10402K, capacity 11187K, committed 11212K, reserved 1048576K
}
Event: 31.801 GC heap after
{Heap after GC invocations=23 (full 0):
 garbage-first heap   total 129024K, used 68395K [0x0000000080000000, 0x0000000100000000)
  region size 1024K, 5 young (5120K), 5 survivors (5120K)
 Metaspace       used 79889K, capacity 82020K, committed 82124K, reserved 1120256K
  class space    used 10402K, capacity 11187K, committed 11212K, reserved 1048576K
}
Event: 32.591 GC heap before
{Heap before GC invocations=23 (full 0):
 garbage-first heap   total 129024K, used 105259K [0x0000000080000000, 0x0000000100000000)
  region size 1024K, 42 young (43008K), 5 survivors (5120K)
 Metaspace       used 81680K, capacity 83831K, committed 83916K, reserved 1122304K
  class space    used 10596K, capacity 11386K, committed 11468K, reserved 1048576K
}
Event: 32.603 GC heap after
{Heap after GC invocations=24 (full 0):
 garbage-first heap   total 129024K, used 70038K [0x0000000080000000, 0x0000000100000000)
  region size 1024K, 5 young (5120K), 5 survivors (5120K)
 Metaspace       used 81680K, capacity 83831K, committed 83916K, reserved 1122304K
  class space    used 10596K, capacity 11386K, committed 11468K, reserved 1048576K
}
Event: 33.374 GC heap before
{Heap before GC invocations=25 (full 0):
 garbage-first heap   total 129024K, used 104854K [0x0000000080000000, 0x0000000100000000)
  region size 1024K, 40 young (40960K), 5 survivors (5120K)
 Metaspace       used 83976K, capacity 86044K, committed 86476K, reserved 1124352K
  class space    used 10865K, capacity 11629K, committed 11724K, reserved 1048576K
}
Event: 33.380 GC heap after
{Heap after GC invocations=26 (full 0):
 garbage-first heap   total 129024K, used 71116K [0x0000000080000000, 0x0000000100000000)
  region size 1024K, 3 young (3072K), 3 survivors (3072K)
 Metaspace       used 83976K, capacity 86044K, committed 86476K, reserved 1124352K
  class space    used 10865K, capacity 11629K, committed 11724K, reserved 1048576K
}
Event: 34.276 GC heap before
{Heap before GC invocations=26 (full 0):
 garbage-first heap   total 129024K, used 106956K [0x0000000080000000, 0x0000000100000000)
  region size 1024K, 39 young (39936K), 3 survivors (3072K)
 Metaspace       used 84654K, capacity 86766K, committed 87116K, reserved 1124352K
  class space    used 10928K, capacity 11678K, committed 11852K, reserved 1048576K
}
Event: 34.285 GC heap after
{Heap after GC invocations=27 (full 0):
 garbage-first heap   total 129024K, used 73955K [0x0000000080000000, 0x0000000100000000)
  region size 1024K, 5 young (5120K), 5 survivors (5120K)
 Metaspace       used 84654K, capacity 86766K, committed 87116K, reserved 1124352K
  class space    used 10928K, capacity 11678K, committed 11852K, reserved 1048576K
}

